<?xml version="1.0" encoding="UTF-8"?>
<testsuite xmlns:xsi="http://www.w3.org/2001/XMLSchema-instance" xsi:noNamespaceSchemaLocation="https://maven.apache.org/surefire/maven-surefire-plugin/xsd/surefire-test-report.xsd" name="com.github.arsenmonets.StoreManagerTest" time="0.144" tests="10" errors="0" skipped="0" failures="0">
  <properties>
[...]
</properties>
  <testcase name="testProductToString" classname="com.github.arsenmonets.StoreManagerTest" time="0.022"/>
  <testcase name="testUpdateOrderStatus" classname="com.github.arsenmonets.StoreManagerTest" time="0.02"/>
  <testcase name="testGetUsers" classname="com.github.arsenmonets.StoreManagerTest" time="0.001"/>
  <testcase name="testUserToString" classname="com.github.arsenmonets.StoreManagerTest" time="0.002"/>
  <testcase name="testLoginFail" classname="com.github.arsenmonets.StoreManagerTest" time="0.001"/>
  <testcase name="testAddOrder" classname="com.github.arsenmonets.StoreManagerTest" time="0.001"/>
  <testcase name="testRegisterDuplicate" classname="com.github.arsenmonets.StoreManagerTest" time="0"/>
  <testcase name="testAddProduct" classname="com.github.arsenmonets.StoreManagerTest" time="0.001"/>
  <testcase name="testOrderToString" classname="com.github.arsenmonets.StoreManagerTest" time="0.009"/>
  <testcase name="testRegisterAndLogin" classname="com.github.arsenmonets.StoreManagerTest" time="0"/>
</testsuite>